<?xml version="1.0" encoding="UTF-8"?>
<!-- Generated by org.testng.reporters.JUnitReportReporter -->
<testsuite hostname="Network5g" failures="0" tests="1" name="seleniumframework.StandAloneTest" time="19.443" errors="0" timestamp="2023-02-15T01:03:19 IST" skipped="0">
  <testcase classname="seleniumframework.StandAloneTest" name="submitOrder" time="19.443"/>
  <system-out/>
</testsuite> <!-- seleniumframework.StandAloneTest -->
