<?xml version="1.0" encoding="UTF-8"?>
<!-- Generated by org.testng.reporters.JUnitReportReporter -->
<testsuite hostname="Network5g" failures="0" tests="1" name="seleniumframework.Tests.StandAloneTest" time="21.042" errors="0" timestamp="2023-03-11T20:21:25 IST" skipped="0">
  <testcase classname="seleniumframework.Tests.StandAloneTest" name="submitOrder" time="21.042"/>
  <system-out/>
</testsuite> <!-- seleniumframework.Tests.StandAloneTest -->
